{
  "RSpec": {
    "coverage": {
      "/Users/dtaniwaki/github/mandriller/lib/mandriller.rb": [
        1,
        1,
        1,
        null,
        1,
        null
      ],
      "/Users/dtaniwaki/github/mandriller/lib/mandriller/errors.rb": [
        1,
        1,
        1,
        null
      ],
      "/Users/dtaniwaki/github/mandriller/lib/mandriller/base.rb": [
        1,
        1,
        null,
        1,
        1,
        null,
        1,
        null,
        null,
        null,
        null,
        null,
        null,
        null,
        null,
        null,
        1,
        null,
        null,
        null,
        null,
        null,
        null,
        null,
        1,
        null,
        null,
        null,
        1,
        1,
        1,
        1,
        1,
        1,
        null,
        1,
        null,
        1,
        1,
        3,
        null,
        null,
        1,
        3,
        null,
        null,
        null,
        1,
        3,
        null,
        null,
        1,
        3,
        null,
        null,
        1,
        134,
        null,
        134,
        134,
        134,
        134,
        134,
        6,
        7,
        null,
        null,
        133,
        null,
        133,
        133,
        4,
        null,
        null,
        133,
        133,
        4,
        null,
        null,
        133,
        133,
        3,
        null,
        null,
        133,
        1064,
        1064,
        56,
        null,
        null,
        null,
        133,
        798,
        798,
        18,
        null,
        null,
        null,
        133,
        266,
        266,
        6,
        null,
        null,
        null,
        133,
        null,
        null,
        1,
        null,
        1,
        7,
        null,
        null
      ],
      "/Users/dtaniwaki/github/mandriller/lib/mandriller/settings_methods.rb": [
        1,
        1,
        1,
        9,
        null,
        null,
        1,
        1,
        14,
        14,
        5,
        null,
        9,
        null,
        null,
        14,
        27,
        null,
        null,
        null,
        null,
        null,
        null,
        null,
        null,
        null,
        null,
        null,
        null,
        null,
        null,
        1,
        2397,
        null,
        1,
        null,
        null
      ],
      "/Users/dtaniwaki/github/mandriller/spec/support/action_mailer.rb": [
        1,
        94,
        94,
        94,
        188,
        94,
        94,
        null,
        null,
        1,
        39,
        39,
        39,
        78,
        39,
        39,
        null,
        null,
        1,
        1,
        1,
        1,
        1,
        null,
        2,
        null,
        null
      ],
      "/Users/dtaniwaki/github/mandriller/spec/mandriller/settings_methods_spec.rb": [
        1,
        null,
        1,
        1,
        8,
        8,
        null,
        null,
        1,
        6,
        6,
        null,
        6,
        null,
        null,
        1,
        1,
        1,
        1,
        null,
        1,
        1,
        null,
        1,
        1,
        1,
        1,
        null,
        1,
        1,
        1,
        null,
        null,
        1,
        1,
        2,
        2,
        null,
        2,
        null,
        1,
        1,
        1,
        1,
        null,
        1,
        1,
        1,
        null,
        null,
        null,
        1,
        1,
        1,
        1,
        1,
        null,
        1,
        1,
        1,
        1,
        null,
        1,
        1,
        1,
        1,
        1,
        null,
        null,
        null
      ]
    },
    "timestamp": 1403939267
  }
}
